Arguments: 
  /home/snowbird/.nvm/versions/node/v9.3.0/bin/node /usr/share/yarn/bin/yarn.js instal

PATH: 
  /home/snowbird/.nvm/versions/node/v9.3.0/bin:/home/snowbird/bin:/home/snowbird/.local/bin:/usr/local/sbin:/usr/local/bin:/usr/sbin:/usr/bin:/sbin:/bin:/usr/games:/usr/local/games:/snap/bin:/home/snowbird/bin:/usr/local/java/jre1.8.0_161/bin

Yarn version: 
  1.5.1

Node version: 
  9.3.0

Platform: 
  linux x64

npm manifest: 
  {
    "name": "",
    "version": "1.0.0",
    "description": "",
    "main": "index.js",
    "dependencies": {},
    "devDependencies": {
      "babel-cli": "^6.26.0",
      "babel-eslint": "^8.2.1",
      "babel-loader": "^7.1.2",
      "babel-preset-env": "^1.6.1",
      "css-loader": "^0.28.9",
      "eslint": "^4.17.0",
      "eslint-config-airbnb-base": "^12.1.0",
      "eslint-plugin-import": "^2.8.0",
      "file-loader": "^1.1.6",
      "html-webpack-plugin": "^2.30.1",
      "node-sass": "^4.7.2",
      "raw-loader": "^0.5.1",
      "sass-loader": "^6.0.6",
      "style-loader": "^0.20.2",
      "uglify-js": "^3.3.11",
      "uglifyjs-webpack-plugin": "^1.2.0",
      "url-loader": "^0.6.2",
      "webpack": "^3.11.0",
      "webpack-cli": "^2.0.9",
      "webpack-dev-server": "^2.11.1"
    },
    "scripts": {
      "start": "webpack-dev-server --config 'webpack.config.js'",
      "build": "webpack --config webpack.config.js",
      "bab": "babel src -d lib"
    },
    "repository": {
      "type": "git",
      "url": "git+https://"
    },
    "author": "",
    "license": "",
    "bugs": {
      "url": "https://"
    },
    "homepage": "https://"
  }

yarn manifest: 
  No manifest

Lockfile: 
  No lockfile

Trace: 
  Error: Command "instal" not found.
      at new MessageError (/usr/share/yarn/lib/cli.js:186:110)
      at /usr/share/yarn/lib/cli.js:87307:17
      at Generator.next (<anonymous>)
      at step (/usr/share/yarn/lib/cli.js:98:30)
      at /usr/share/yarn/lib/cli.js:116:14
      at new Promise (<anonymous>)
      at new F (/usr/share/yarn/lib/cli.js:23451:28)
      at /usr/share/yarn/lib/cli.js:95:12
      at runCommand (/usr/share/yarn/lib/cli.js:87312:22)
      at Object.<anonymous> (/usr/share/yarn/lib/cli.js:87412:14)
